-------------------------------------------------------------------------------
Test set: com.mycompany.app.AppTest
-------------------------------------------------------------------------------
Tests run: 1, Failures: 1, Errors: 0, Skipped: 0, Time elapsed: 0.343 s <<< FAILURE! - in com.mycompany.app.AppTest
FailureTesteFarenheitCelcius(com.mycompany.app.AppTest)  Time elapsed: 0.046 s  <<< FAILURE!
java.lang.AssertionError: expected:<0.0> but was:<-0.5555555555555556>
	at com.mycompany.app.AppTest.FailureTesteFarenheitCelcius(AppTest.java:11)

