-------------------------------------------------------------------------------
Test set: com.mycompany.app.AppTest
-------------------------------------------------------------------------------
Tests run: 1, Failures: 1, Errors: 0, Skipped: 0, Time elapsed: 0.383 s <<< FAILURE! - in com.mycompany.app.AppTest
FailureTesteFarenheitCelcius(com.mycompany.app.AppTest)  Time elapsed: 0.045 s  <<< FAILURE!
java.lang.AssertionError: expected:<2.1> but was:<16.11111111111111>
	at com.mycompany.app.AppTest.FailureTesteFarenheitCelcius(AppTest.java:11)

